2025-12-04 21:04:28 INFO  o.h.validator.internal.util.Version - HV000001: Hibernate Validator 8.0.3.Final
2025-12-04 21:04:28 INFO  c.m.n.NoteServiceApplication - Starting NoteServiceApplication using Java 22.0.1 with PID 16904 (C:\Users\ahhou\Desktop\dev-java\Formation\P-9-Microservice\MediLaboSolutions\note-service\target\classes started by ahhou in C:\Users\ahhou\Desktop\dev-java\Formation\P-9-Microservice\MediLaboSolutions)
2025-12-04 21:04:28 DEBUG c.m.n.NoteServiceApplication - Running with Spring Boot v3.5.7, Spring v6.2.12
2025-12-04 21:04:28 INFO  c.m.n.NoteServiceApplication - No active profile set, falling back to 1 default profile: "default"
2025-12-04 21:04:30 INFO  o.s.d.r.c.RepositoryConfigurationDelegate - Bootstrapping Spring Data MongoDB repositories in DEFAULT mode.
2025-12-04 21:04:30 INFO  o.s.d.r.c.RepositoryConfigurationDelegate - Finished Spring Data repository scanning in 160 ms. Found 1 MongoDB repository interface.
2025-12-04 21:04:30 INFO  o.s.cloud.context.scope.GenericScope - BeanFactory id=eb1e087f-99cb-35fa-9b92-a5c6835e87c9
2025-12-04 21:04:31 INFO  o.s.b.w.e.tomcat.TomcatWebServer - Tomcat initialized with port 8082 (http)
2025-12-04 21:04:31 INFO  o.a.coyote.http11.Http11NioProtocol - Initializing ProtocolHandler ["http-nio-8082"]
2025-12-04 21:04:31 INFO  o.a.catalina.core.StandardService - Starting service [Tomcat]
2025-12-04 21:04:31 INFO  o.a.catalina.core.StandardEngine - Starting Servlet engine: [Apache Tomcat/10.1.48]
2025-12-04 21:04:31 INFO  o.a.c.c.C.[Tomcat].[localhost].[/] - Initializing Spring embedded WebApplicationContext
2025-12-04 21:04:31 INFO  o.s.b.w.s.c.ServletWebServerApplicationContext - Root WebApplicationContext: initialization completed in 2466 ms
2025-12-04 21:04:31 INFO  org.mongodb.driver.client - MongoClient with metadata {"driver": {"name": "mongo-java-driver|sync|spring-boot", "version": "5.5.2"}, "os": {"type": "Windows", "name": "Windows 11", "architecture": "amd64", "version": "10.0"}, "platform": "Java/Oracle Corporation/22.0.1+8-16"} created with settings MongoClientSettings{readPreference=primary, writeConcern=WriteConcern{w=null, wTimeout=null ms, journal=null}, retryWrites=true, retryReads=true, readConcern=ReadConcern{level=null}, credential=null, transportSettings=null, commandListeners=[io.micrometer.core.instrument.binder.mongodb.MongoMetricsCommandListener@b86cb18], codecRegistry=ProvidersCodecRegistry{codecProviders=[ValueCodecProvider{}, BsonValueCodecProvider{}, DBRefCodecProvider{}, DBObjectCodecProvider{}, DocumentCodecProvider{}, CollectionCodecProvider{}, IterableCodecProvider{}, MapCodecProvider{}, GeoJsonCodecProvider{}, GridFSFileCodecProvider{}, Jsr310CodecProvider{}, JsonObjectCodecProvider{}, BsonCodecProvider{}, EnumCodecProvider{}, com.mongodb.client.model.mql.ExpressionCodecProvider@29c244e, com.mongodb.Jep395RecordCodecProvider@6cc8da1c, com.mongodb.KotlinCodecProvider@39a3984c]}, loggerSettings=LoggerSettings{maxDocumentLength=1000}, clusterSettings={hosts=[localhost:27017], srvServiceName=mongodb, mode=SINGLE, requiredClusterType=UNKNOWN, requiredReplicaSetName='null', serverSelector='null', clusterListeners='[]', serverSelectionTimeout='30000 ms', localThreshold='15 ms'}, socketSettings=SocketSettings{connectTimeoutMS=10000, readTimeoutMS=0, receiveBufferSize=0, proxySettings=ProxySettings{host=null, port=null, username=null, password=null}}, heartbeatSocketSettings=SocketSettings{connectTimeoutMS=10000, readTimeoutMS=10000, receiveBufferSize=0, proxySettings=ProxySettings{host=null, port=null, username=null, password=null}}, connectionPoolSettings=ConnectionPoolSettings{maxSize=100, minSize=0, maxWaitTimeMS=120000, maxConnectionLifeTimeMS=0, maxConnectionIdleTimeMS=0, maintenanceInitialDelayMS=0, maintenanceFrequencyMS=60000, connectionPoolListeners=[io.micrometer.core.instrument.binder.mongodb.MongoMetricsConnectionPoolListener@4404a6b], maxConnecting=2}, serverSettings=ServerSettings{heartbeatFrequencyMS=10000, minHeartbeatFrequencyMS=500, serverMonitoringMode=AUTO, serverListeners='[]', serverMonitorListeners='[]'}, sslSettings=SslSettings{enabled=false, invalidHostNameAllowed=false, context=null}, applicationName='null', compressorList=[], uuidRepresentation=JAVA_LEGACY, serverApi=null, autoEncryptionSettings=null, dnsClient=null, inetAddressResolver=null, contextProvider=null, timeoutMS=null}
2025-12-04 21:04:31 INFO  org.mongodb.driver.cluster - Monitor thread successfully connected to server with description ServerDescription{address=localhost:27017, type=STANDALONE, cryptd=false, state=CONNECTED, ok=true, minWireVersion=0, maxWireVersion=27, maxDocumentSize=16777216, logicalSessionTimeoutMinutes=30, roundTripTimeNanos=29437000, minRoundTripTimeNanos=0}
2025-12-04 21:04:33 INFO  o.s.c.n.e.c.DiscoveryClientOptionalArgsConfiguration - Eureka HTTP Client uses RestTemplate.
2025-12-04 21:04:33 WARN  o.s.c.l.c.LoadBalancerCacheAutoConfiguration$LoadBalancerCaffeineWarnLogger - Spring Cloud LoadBalancer is currently working with the default cache. While this cache implementation is useful for development and tests, it's recommended to use Caffeine cache in production.You can switch to using Caffeine cache, by adding it and org.springframework.cache.caffeine.CaffeineCacheManager to the classpath.
2025-12-04 21:04:33 INFO  o.s.b.a.e.web.EndpointLinksResolver - Exposing 1 endpoint beneath base path '/actuator'
2025-12-04 21:04:33 INFO  o.s.c.n.eureka.InstanceInfoFactory - Setting initial instance status as: STARTING
2025-12-04 21:04:33 INFO  c.netflix.discovery.DiscoveryClient - Initializing Eureka in region us-east-1
2025-12-04 21:04:33 INFO  c.n.d.s.r.aws.ConfigClusterResolver - Resolving eureka endpoints via configuration
2025-12-04 21:04:33 INFO  c.netflix.discovery.DiscoveryClient - Disable delta property : false
2025-12-04 21:04:33 INFO  c.netflix.discovery.DiscoveryClient - Single vip registry refresh property : null
2025-12-04 21:04:33 INFO  c.netflix.discovery.DiscoveryClient - Force full registry fetch : false
2025-12-04 21:04:33 INFO  c.netflix.discovery.DiscoveryClient - Application is null : false
2025-12-04 21:04:33 INFO  c.netflix.discovery.DiscoveryClient - Registered Applications size is zero : true
2025-12-04 21:04:33 INFO  c.netflix.discovery.DiscoveryClient - Application version is -1: true
2025-12-04 21:04:33 INFO  c.netflix.discovery.DiscoveryClient - Getting all instance registry info from the eureka server
2025-12-04 21:04:33 INFO  c.netflix.discovery.DiscoveryClient - The response status is 200
2025-12-04 21:04:33 INFO  c.netflix.discovery.DiscoveryClient - Starting heartbeat executor: renew interval is: 30
2025-12-04 21:04:33 INFO  c.n.discovery.InstanceInfoReplicator - InstanceInfoReplicator onDemand update allowed rate per min is 4
2025-12-04 21:04:33 INFO  c.netflix.discovery.DiscoveryClient - Discovery Client initialized at timestamp 1764878673825 with initial instances count: 3
2025-12-04 21:04:33 INFO  o.s.c.n.e.s.EurekaServiceRegistry - Registering application API-NOTE with eureka with status UP
2025-12-04 21:04:33 INFO  c.netflix.discovery.DiscoveryClient - Saw local status change event StatusChangeEvent [timestamp=1764878673830, current=UP, previous=STARTING]
2025-12-04 21:04:33 INFO  c.netflix.discovery.DiscoveryClient - DiscoveryClient_API-NOTE/pc-Houda:api-note:8082: registering service...
2025-12-04 21:04:33 INFO  o.a.coyote.http11.Http11NioProtocol - Starting ProtocolHandler ["http-nio-8082"]
2025-12-04 21:04:33 INFO  o.s.b.w.e.tomcat.TomcatWebServer - Tomcat started on port 8082 (http) with context path '/'
2025-12-04 21:04:33 INFO  o.s.c.n.e.s.EurekaAutoServiceRegistration - Updating port to 8082
2025-12-04 21:04:33 INFO  c.m.n.NoteServiceApplication - Started NoteServiceApplication in 6.092 seconds (process running for 7.03)
2025-12-04 21:04:33 INFO  c.netflix.discovery.DiscoveryClient - DiscoveryClient_API-NOTE/pc-Houda:api-note:8082 - registration status: 204
2025-12-04 21:04:33 WARN  c.m.noteservice.config.DataLoader -  Suppression de toutes les notes !
2025-12-04 21:04:34 INFO  c.m.noteservice.config.DataLoader - Données initiales MongoDB importées !
2025-12-04 21:05:32 INFO  o.a.c.c.C.[Tomcat].[localhost].[/] - Initializing Spring DispatcherServlet 'dispatcherServlet'
2025-12-04 21:05:32 INFO  o.s.web.servlet.DispatcherServlet - Initializing Servlet 'dispatcherServlet'
2025-12-04 21:05:32 INFO  o.s.web.servlet.DispatcherServlet - Completed initialization in 1 ms
2025-12-04 21:05:56 INFO  c.m.n.controller.NoteController - Aucune note trouvée pour le patient 10
2025-12-04 21:06:18 INFO  c.m.n.controller.NoteController - Aucune note trouvée pour le patient 10
2025-12-04 21:09:33 INFO  c.n.d.s.r.aws.ConfigClusterResolver - Resolving eureka endpoints via configuration
2025-12-04 21:14:33 INFO  c.n.d.s.r.aws.ConfigClusterResolver - Resolving eureka endpoints via configuration
